2020-11-20 10:45:16.511 - INFO - 5317 - azureml.train.automl.automlconfig._start_execution:271 - Submitting remote.
2020-11-20 11:22:54.464 - INFO - 5317 - azureml.train.automl.run._log_activity:54 - ActivityStarted: GetOutput
2020-11-20 11:22:54.503 - INFO - 5317 - azureml.train.automl.run._log_activity:54 - ActivityStarted: GetOutput
2020-11-20 11:22:54.512 - INFO - 5317 - azureml.train.automl.run._log_activity:54 - ActivityStarted: GetChildren
2020-11-20 11:22:54.659 - INFO - 5317 - azureml.train.automl.run._log_activity:92 - ActivityCompleted: Activity=GetChildren, HowEnded=Success, Duration=146.55[ms]
2020-11-20 11:22:54.659 - INFO - 5317 - azureml.train.automl.run._log_activity:92 - ActivityCompleted: Activity=GetOutput, HowEnded=Success, Duration=155.5[ms]
2020-11-20 11:22:54.665 - INFO - 5317 - azureml.train.automl.run._log_activity:54 - ActivityStarted: DownloadModel
2020-11-20 11:23:15.303 - INFO - 5317 - azureml.automl.runtime.featurization.data_transformer._logger_wrapper:81 - Feature sweeping enabled: False
2020-11-20 11:23:15.303 - INFO - 5317 - azureml.automl.runtime.featurization.data_transformer._logger_wrapper:81 - Feature sweeping timeout: 86400
2020-11-20 11:23:15.550 - INFO - 5317 - azureml.train.automl.run._log_activity:92 - ActivityCompleted: Activity=DownloadModel, HowEnded=Success, Duration=20885.2[ms]
2020-11-20 11:23:15.551 - INFO - 5317 - azureml.train.automl.run._log_activity:92 - ActivityCompleted: Activity=GetOutput, HowEnded=Success, Duration=21086.45[ms]
2020-11-20 11:31:35.560 - INFO - 5317 - azureml.train.automl.automlconfig._start_execution:271 - Submitting remote.
2020-11-20 12:05:30.456 - INFO - 5317 - azureml.train.automl.run._log_activity:54 - ActivityStarted: GetOutput
2020-11-20 12:05:30.479 - INFO - 5317 - azureml.train.automl.run._log_activity:54 - ActivityStarted: GetOutput
2020-11-20 12:05:30.491 - INFO - 5317 - azureml.train.automl.run._log_activity:54 - ActivityStarted: GetChildren
2020-11-20 12:05:30.607 - INFO - 5317 - azureml.train.automl.run._log_activity:92 - ActivityCompleted: Activity=GetChildren, HowEnded=Success, Duration=115.38[ms]
2020-11-20 12:05:30.607 - INFO - 5317 - azureml.train.automl.run._log_activity:92 - ActivityCompleted: Activity=GetOutput, HowEnded=Success, Duration=127.53[ms]
2020-11-20 12:05:30.620 - INFO - 5317 - azureml.train.automl.run._log_activity:54 - ActivityStarted: DownloadModel
2020-11-20 12:05:30.971 - INFO - 5317 - azureml.automl.runtime.featurization.data_transformer._logger_wrapper:81 - Feature sweeping enabled: False
2020-11-20 12:05:30.971 - INFO - 5317 - azureml.automl.runtime.featurization.data_transformer._logger_wrapper:81 - Feature sweeping timeout: 86400
2020-11-20 12:05:30.997 - INFO - 5317 - azureml.train.automl.run._log_activity:92 - ActivityCompleted: Activity=DownloadModel, HowEnded=Success, Duration=377.55[ms]
2020-11-20 12:05:30.997 - INFO - 5317 - azureml.train.automl.run._log_activity:92 - ActivityCompleted: Activity=GetOutput, HowEnded=Success, Duration=541.02[ms]
