2020-11-20 10:45:16.974 - INFO - 5317 - azureml.train.automl._azureautomlclient.modify_run_configuration:199 - Package azureml-train-automl missing from dependencies file.
2020-11-20 10:45:16.974 - INFO - 5317 - azureml.train.automl._azureautomlclient.modify_run_configuration:205 - Using pinned version: azureml-train-automl==1.18.0.*
2020-11-20 10:45:16.974 - INFO - 5317 - azureml.train.automl._azureautomlclient.modify_run_configuration:199 - Package pandas missing from dependencies file.
2020-11-20 10:45:16.975 - INFO - 5317 - azureml.train.automl._azureautomlclient.modify_run_configuration:205 - Using pinned version: pandas==0.25.1
2020-11-20 10:45:16.975 - INFO - 5317 - azureml.train.automl._azureautomlclient.modify_run_configuration:199 - Package psutil missing from dependencies file.
2020-11-20 10:45:16.976 - INFO - 5317 - azureml.train.automl._azureautomlclient.modify_run_configuration:205 - Using pinned version: psutil>5.0.0,<6.0.0
2020-11-20 10:45:16.976 - INFO - 5317 - azureml.train.automl._azureautomlclient.modify_run_configuration:199 - Package scikit-learn missing from dependencies file.
2020-11-20 10:45:16.977 - INFO - 5317 - azureml.train.automl._azureautomlclient.modify_run_configuration:205 - Using pinned version: scikit-learn==0.22.1
2020-11-20 10:45:16.977 - INFO - 5317 - azureml.train.automl._azureautomlclient.modify_run_configuration:199 - Package numpy missing from dependencies file.
2020-11-20 10:45:16.977 - INFO - 5317 - azureml.train.automl._azureautomlclient.modify_run_configuration:205 - Using pinned version: numpy~=1.18.0
2020-11-20 10:45:16.977 - INFO - 5317 - azureml.train.automl._azureautomlclient.modify_run_configuration:199 - Package py-xgboost missing from dependencies file.
2020-11-20 10:45:16.979 - INFO - 5317 - azureml.train.automl._azureautomlclient.modify_run_configuration:205 - Using pinned version: py-xgboost<=0.90
2020-11-20 10:45:16.980 - INFO - 5317 - azureml.train.automl._azureautomlclient.modify_run_configuration:199 - Package inference-schema missing from dependencies file.
2020-11-20 10:45:16.992 - INFO - 5317 - azureml.train.automl._azureautomlclient.modify_run_configuration:199 - Package fbprophet missing from dependencies file.
2020-11-20 10:45:16.992 - INFO - 5317 - azureml.train.automl._azureautomlclient.modify_run_configuration:205 - Using pinned version: fbprophet==0.5
2020-11-20 10:45:16.992 - INFO - 5317 - azureml.train.automl._azureautomlclient.modify_run_configuration:199 - Package setuptools-git missing from dependencies file.
2020-11-20 10:45:16.993 - INFO - 5317 - azureml.train.automl._azureautomlclient.modify_run_configuration:209 - Using installed version: setuptools-git==1.2
2020-11-20 10:45:17.002 - INFO - 5317 - azureml.train.automl._azureautomlclient._validate_input:625 - Start data validation.
2020-11-20 10:45:18.831 - INFO - 5317 - azureml.train.automl._azureautomlclient._validate_input:636 - Validation service found the data has no errors.
2020-11-20 10:45:18.831 - INFO - 5317 - azureml.train.automl._azureautomlclient._create_parent_run_for_remote:510 - Start creating parent run.
2020-11-20 10:45:19.177 - INFO - 5317 - azureml.train.automl._azureautomlclient._create_parent_run_for_remote:530 - [ParentRunID:AutoML_a79be85b-ae42-44b8-809a-4717bd2214be] Remote run using input X and y.
2020-11-20 10:45:19.643 - INFO - 5317 - azureml.train.automl._azureautomlclient._create_parent_run_for_remote:543 - Parent Run ID: AutoML_a79be85b-ae42-44b8-809a-4717bd2214be
2020-11-20 10:45:19.643 - INFO - 5317 - azureml.train.automl._azureautomlclient._fit_remote_core:472 - Starting a snapshot run (snapshot_id : None)
2020-11-20 11:31:35.647 - INFO - 5317 - azureml.train.automl._azureautomlclient.modify_run_configuration:199 - Package azureml-train-automl missing from dependencies file.
2020-11-20 11:31:35.648 - INFO - 5317 - azureml.train.automl._azureautomlclient.modify_run_configuration:205 - Using pinned version: azureml-train-automl==1.18.0.*
2020-11-20 11:31:35.648 - INFO - 5317 - azureml.train.automl._azureautomlclient.modify_run_configuration:199 - Package pandas missing from dependencies file.
2020-11-20 11:31:35.648 - INFO - 5317 - azureml.train.automl._azureautomlclient.modify_run_configuration:205 - Using pinned version: pandas==0.25.1
2020-11-20 11:31:35.648 - INFO - 5317 - azureml.train.automl._azureautomlclient.modify_run_configuration:199 - Package psutil missing from dependencies file.
2020-11-20 11:31:35.648 - INFO - 5317 - azureml.train.automl._azureautomlclient.modify_run_configuration:205 - Using pinned version: psutil>5.0.0,<6.0.0
2020-11-20 11:31:35.648 - INFO - 5317 - azureml.train.automl._azureautomlclient.modify_run_configuration:199 - Package scikit-learn missing from dependencies file.
2020-11-20 11:31:35.648 - INFO - 5317 - azureml.train.automl._azureautomlclient.modify_run_configuration:205 - Using pinned version: scikit-learn==0.22.1
2020-11-20 11:31:35.648 - INFO - 5317 - azureml.train.automl._azureautomlclient.modify_run_configuration:199 - Package numpy missing from dependencies file.
2020-11-20 11:31:35.648 - INFO - 5317 - azureml.train.automl._azureautomlclient.modify_run_configuration:205 - Using pinned version: numpy~=1.18.0
2020-11-20 11:31:35.648 - INFO - 5317 - azureml.train.automl._azureautomlclient.modify_run_configuration:199 - Package py-xgboost missing from dependencies file.
2020-11-20 11:31:35.648 - INFO - 5317 - azureml.train.automl._azureautomlclient.modify_run_configuration:205 - Using pinned version: py-xgboost<=0.90
2020-11-20 11:31:35.648 - INFO - 5317 - azureml.train.automl._azureautomlclient.modify_run_configuration:199 - Package inference-schema missing from dependencies file.
2020-11-20 11:31:35.649 - INFO - 5317 - azureml.train.automl._azureautomlclient.modify_run_configuration:199 - Package fbprophet missing from dependencies file.
2020-11-20 11:31:35.649 - INFO - 5317 - azureml.train.automl._azureautomlclient.modify_run_configuration:205 - Using pinned version: fbprophet==0.5
2020-11-20 11:31:35.649 - INFO - 5317 - azureml.train.automl._azureautomlclient.modify_run_configuration:199 - Package setuptools-git missing from dependencies file.
2020-11-20 11:31:35.649 - INFO - 5317 - azureml.train.automl._azureautomlclient.modify_run_configuration:209 - Using installed version: setuptools-git==1.2
2020-11-20 11:31:35.658 - INFO - 5317 - azureml.train.automl._azureautomlclient._validate_input:625 - Start data validation.
2020-11-20 11:31:40.207 - INFO - 5317 - azureml.train.automl._azureautomlclient._validate_input:636 - Validation service found the data has no errors.
2020-11-20 11:31:40.207 - INFO - 5317 - azureml.train.automl._azureautomlclient._create_parent_run_for_remote:510 - Start creating parent run.
2020-11-20 11:31:40.560 - INFO - 5317 - azureml.train.automl._azureautomlclient._create_parent_run_for_remote:530 - [ParentRunID:AutoML_87e2c6b2-2888-4320-a418-5c087560a1fb] Remote run using input X and y.
2020-11-20 11:31:40.624 - INFO - 5317 - azureml.train.automl._azureautomlclient._create_parent_run_for_remote:543 - Parent Run ID: AutoML_87e2c6b2-2888-4320-a418-5c087560a1fb
2020-11-20 11:31:40.625 - INFO - 5317 - azureml.train.automl._azureautomlclient._fit_remote_core:472 - Starting a snapshot run (snapshot_id : None)
